[2024-09-02T20:06:27.848+0000] {processor.py:161} INFO - Started process (PID=38) to work on /home/airflow/.local/lib/python3.12/site-packages/airflow/example_dags/example_branch_labels.py
[2024-09-02T20:06:27.849+0000] {processor.py:830} INFO - Processing file /home/airflow/.local/lib/python3.12/site-packages/airflow/example_dags/example_branch_labels.py for tasks to queue
[2024-09-02T20:06:27.852+0000] {logging_mixin.py:188} INFO - [2024-09-02T20:06:27.852+0000] {dagbag.py:545} INFO - Filling up the DagBag from /home/airflow/.local/lib/python3.12/site-packages/airflow/example_dags/example_branch_labels.py
[2024-09-02T20:06:27.869+0000] {processor.py:840} INFO - DAG(s) 'example_branch_labels' retrieved from /home/airflow/.local/lib/python3.12/site-packages/airflow/example_dags/example_branch_labels.py
[2024-09-02T20:06:27.918+0000] {logging_mixin.py:188} INFO - [2024-09-02T20:06:27.917+0000] {dag.py:3096} INFO - Sync 1 DAGs
[2024-09-02T20:06:28.081+0000] {logging_mixin.py:188} INFO - [2024-09-02T20:06:28.081+0000] {dag.py:3954} INFO - Setting next_dagrun for example_branch_labels to 2024-09-01 00:00:00+00:00, run_after=2024-09-02 00:00:00+00:00
[2024-09-02T20:06:28.470+0000] {processor.py:183} INFO - Processing /home/airflow/.local/lib/python3.12/site-packages/airflow/example_dags/example_branch_labels.py took 0.630 seconds
[2024-09-02T20:09:14.807+0000] {processor.py:161} INFO - Started process (PID=38) to work on /home/airflow/.local/lib/python3.12/site-packages/airflow/example_dags/example_branch_labels.py
[2024-09-02T20:09:14.808+0000] {processor.py:830} INFO - Processing file /home/airflow/.local/lib/python3.12/site-packages/airflow/example_dags/example_branch_labels.py for tasks to queue
[2024-09-02T20:09:14.811+0000] {logging_mixin.py:188} INFO - [2024-09-02T20:09:14.811+0000] {dagbag.py:545} INFO - Filling up the DagBag from /home/airflow/.local/lib/python3.12/site-packages/airflow/example_dags/example_branch_labels.py
[2024-09-02T20:09:14.827+0000] {processor.py:840} INFO - DAG(s) 'example_branch_labels' retrieved from /home/airflow/.local/lib/python3.12/site-packages/airflow/example_dags/example_branch_labels.py
[2024-09-02T20:09:14.871+0000] {logging_mixin.py:188} INFO - [2024-09-02T20:09:14.870+0000] {dag.py:3096} INFO - Sync 1 DAGs
[2024-09-02T20:09:14.907+0000] {logging_mixin.py:188} INFO - [2024-09-02T20:09:14.907+0000] {dag.py:3954} INFO - Setting next_dagrun for example_branch_labels to 2024-09-01 00:00:00+00:00, run_after=2024-09-02 00:00:00+00:00
[2024-09-02T20:09:14.957+0000] {processor.py:183} INFO - Processing /home/airflow/.local/lib/python3.12/site-packages/airflow/example_dags/example_branch_labels.py took 0.160 seconds
[2024-09-02T20:16:27.785+0000] {processor.py:161} INFO - Started process (PID=38) to work on /home/airflow/.local/lib/python3.12/site-packages/airflow/example_dags/example_branch_labels.py
[2024-09-02T20:16:27.786+0000] {processor.py:830} INFO - Processing file /home/airflow/.local/lib/python3.12/site-packages/airflow/example_dags/example_branch_labels.py for tasks to queue
[2024-09-02T20:16:27.789+0000] {logging_mixin.py:188} INFO - [2024-09-02T20:16:27.789+0000] {dagbag.py:545} INFO - Filling up the DagBag from /home/airflow/.local/lib/python3.12/site-packages/airflow/example_dags/example_branch_labels.py
[2024-09-02T20:16:27.808+0000] {processor.py:840} INFO - DAG(s) 'example_branch_labels' retrieved from /home/airflow/.local/lib/python3.12/site-packages/airflow/example_dags/example_branch_labels.py
[2024-09-02T20:16:27.857+0000] {logging_mixin.py:188} INFO - [2024-09-02T20:16:27.856+0000] {dag.py:3096} INFO - Sync 1 DAGs
[2024-09-02T20:16:28.665+0000] {logging_mixin.py:188} INFO - [2024-09-02T20:16:28.664+0000] {dag.py:3954} INFO - Setting next_dagrun for example_branch_labels to 2024-09-01 00:00:00+00:00, run_after=2024-09-02 00:00:00+00:00
[2024-09-02T20:16:28.816+0000] {processor.py:183} INFO - Processing /home/airflow/.local/lib/python3.12/site-packages/airflow/example_dags/example_branch_labels.py took 1.039 seconds
[2024-09-02T20:25:14.206+0000] {processor.py:161} INFO - Started process (PID=39) to work on /home/airflow/.local/lib/python3.12/site-packages/airflow/example_dags/example_branch_labels.py
[2024-09-02T20:25:14.207+0000] {processor.py:830} INFO - Processing file /home/airflow/.local/lib/python3.12/site-packages/airflow/example_dags/example_branch_labels.py for tasks to queue
[2024-09-02T20:25:14.210+0000] {logging_mixin.py:188} INFO - [2024-09-02T20:25:14.209+0000] {dagbag.py:545} INFO - Filling up the DagBag from /home/airflow/.local/lib/python3.12/site-packages/airflow/example_dags/example_branch_labels.py
[2024-09-02T20:25:14.226+0000] {processor.py:840} INFO - DAG(s) 'example_branch_labels' retrieved from /home/airflow/.local/lib/python3.12/site-packages/airflow/example_dags/example_branch_labels.py
[2024-09-02T20:25:14.365+0000] {logging_mixin.py:188} INFO - [2024-09-02T20:25:14.365+0000] {dag.py:3096} INFO - Sync 1 DAGs
[2024-09-02T20:25:14.393+0000] {logging_mixin.py:188} INFO - [2024-09-02T20:25:14.393+0000] {dag.py:3954} INFO - Setting next_dagrun for example_branch_labels to 2024-09-01 00:00:00+00:00, run_after=2024-09-02 00:00:00+00:00
[2024-09-02T20:25:14.435+0000] {processor.py:183} INFO - Processing /home/airflow/.local/lib/python3.12/site-packages/airflow/example_dags/example_branch_labels.py took 0.237 seconds
[2024-09-02T20:31:32.902+0000] {processor.py:161} INFO - Started process (PID=38) to work on /home/airflow/.local/lib/python3.12/site-packages/airflow/example_dags/example_branch_labels.py
[2024-09-02T20:31:32.905+0000] {processor.py:830} INFO - Processing file /home/airflow/.local/lib/python3.12/site-packages/airflow/example_dags/example_branch_labels.py for tasks to queue
[2024-09-02T20:31:32.907+0000] {logging_mixin.py:188} INFO - [2024-09-02T20:31:32.907+0000] {dagbag.py:545} INFO - Filling up the DagBag from /home/airflow/.local/lib/python3.12/site-packages/airflow/example_dags/example_branch_labels.py
[2024-09-02T20:31:32.934+0000] {processor.py:840} INFO - DAG(s) 'example_branch_labels' retrieved from /home/airflow/.local/lib/python3.12/site-packages/airflow/example_dags/example_branch_labels.py
[2024-09-02T20:31:32.983+0000] {logging_mixin.py:188} INFO - [2024-09-02T20:31:32.983+0000] {dag.py:3096} INFO - Sync 1 DAGs
[2024-09-02T20:31:33.073+0000] {logging_mixin.py:188} INFO - [2024-09-02T20:31:33.072+0000] {dag.py:3954} INFO - Setting next_dagrun for example_branch_labels to 2024-09-01 00:00:00+00:00, run_after=2024-09-02 00:00:00+00:00
[2024-09-02T20:31:33.134+0000] {processor.py:183} INFO - Processing /home/airflow/.local/lib/python3.12/site-packages/airflow/example_dags/example_branch_labels.py took 0.243 seconds
