[2024-09-02T20:06:28.536+0000] {processor.py:161} INFO - Started process (PID=39) to work on /home/airflow/.local/lib/python3.12/site-packages/airflow/example_dags/example_datasets.py
[2024-09-02T20:06:28.538+0000] {processor.py:830} INFO - Processing file /home/airflow/.local/lib/python3.12/site-packages/airflow/example_dags/example_datasets.py for tasks to queue
[2024-09-02T20:06:28.541+0000] {logging_mixin.py:188} INFO - [2024-09-02T20:06:28.541+0000] {dagbag.py:545} INFO - Filling up the DagBag from /home/airflow/.local/lib/python3.12/site-packages/airflow/example_dags/example_datasets.py
[2024-09-02T20:06:28.630+0000] {processor.py:840} INFO - DAG(s) 'dataset_produces_2', 'dataset_consumes_1_and_2', 'consume_1_or_both_2_and_3_with_dataset_expressions', 'conditional_dataset_and_time_based_timetable', 'dataset_consumes_1', 'dataset_consumes_unknown_never_scheduled', 'dataset_produces_1', 'consume_1_or_2_with_dataset_expressions', 'dataset_consumes_1_never_scheduled', 'consume_1_and_2_with_dataset_expressions' retrieved from /home/airflow/.local/lib/python3.12/site-packages/airflow/example_dags/example_datasets.py
[2024-09-02T20:06:28.808+0000] {logging_mixin.py:188} INFO - [2024-09-02T20:06:28.807+0000] {dag.py:3096} INFO - Sync 10 DAGs
[2024-09-02T20:06:29.017+0000] {logging_mixin.py:188} INFO - [2024-09-02T20:06:29.016+0000] {dag.py:3954} INFO - Setting next_dagrun for conditional_dataset_and_time_based_timetable to 2024-08-28 01:00:00+00:00, run_after=2024-08-28 01:00:00+00:00
[2024-09-02T20:06:29.030+0000] {logging_mixin.py:188} INFO - [2024-09-02T20:06:29.030+0000] {dag.py:3954} INFO - Setting next_dagrun for consume_1_and_2_with_dataset_expressions to None, run_after=None
[2024-09-02T20:06:29.035+0000] {logging_mixin.py:188} INFO - [2024-09-02T20:06:29.035+0000] {dag.py:3954} INFO - Setting next_dagrun for consume_1_or_2_with_dataset_expressions to None, run_after=None
[2024-09-02T20:06:29.043+0000] {logging_mixin.py:188} INFO - [2024-09-02T20:06:29.041+0000] {dag.py:3954} INFO - Setting next_dagrun for consume_1_or_both_2_and_3_with_dataset_expressions to None, run_after=None
[2024-09-02T20:06:29.064+0000] {logging_mixin.py:188} INFO - [2024-09-02T20:06:29.064+0000] {dag.py:3954} INFO - Setting next_dagrun for dataset_consumes_1 to None, run_after=None
[2024-09-02T20:06:29.069+0000] {logging_mixin.py:188} INFO - [2024-09-02T20:06:29.068+0000] {dag.py:3954} INFO - Setting next_dagrun for dataset_consumes_1_and_2 to None, run_after=None
[2024-09-02T20:06:29.072+0000] {logging_mixin.py:188} INFO - [2024-09-02T20:06:29.072+0000] {dag.py:3954} INFO - Setting next_dagrun for dataset_consumes_1_never_scheduled to None, run_after=None
[2024-09-02T20:06:29.079+0000] {logging_mixin.py:188} INFO - [2024-09-02T20:06:29.076+0000] {dag.py:3954} INFO - Setting next_dagrun for dataset_consumes_unknown_never_scheduled to None, run_after=None
[2024-09-02T20:06:29.086+0000] {logging_mixin.py:188} INFO - [2024-09-02T20:06:29.085+0000] {dag.py:3954} INFO - Setting next_dagrun for dataset_produces_1 to 2024-09-01 00:00:00+00:00, run_after=2024-09-02 00:00:00+00:00
[2024-09-02T20:06:29.090+0000] {logging_mixin.py:188} INFO - [2024-09-02T20:06:29.089+0000] {dag.py:3954} INFO - Setting next_dagrun for dataset_produces_2 to None, run_after=None
[2024-09-02T20:06:29.407+0000] {processor.py:183} INFO - Processing /home/airflow/.local/lib/python3.12/site-packages/airflow/example_dags/example_datasets.py took 0.880 seconds
[2024-09-02T20:09:15.013+0000] {processor.py:161} INFO - Started process (PID=39) to work on /home/airflow/.local/lib/python3.12/site-packages/airflow/example_dags/example_datasets.py
[2024-09-02T20:09:15.014+0000] {processor.py:830} INFO - Processing file /home/airflow/.local/lib/python3.12/site-packages/airflow/example_dags/example_datasets.py for tasks to queue
[2024-09-02T20:09:15.017+0000] {logging_mixin.py:188} INFO - [2024-09-02T20:09:15.017+0000] {dagbag.py:545} INFO - Filling up the DagBag from /home/airflow/.local/lib/python3.12/site-packages/airflow/example_dags/example_datasets.py
[2024-09-02T20:09:15.072+0000] {processor.py:840} INFO - DAG(s) 'dataset_produces_1', 'conditional_dataset_and_time_based_timetable', 'dataset_consumes_1_and_2', 'dataset_consumes_1_never_scheduled', 'consume_1_or_2_with_dataset_expressions', 'dataset_produces_2', 'consume_1_and_2_with_dataset_expressions', 'consume_1_or_both_2_and_3_with_dataset_expressions', 'dataset_consumes_1', 'dataset_consumes_unknown_never_scheduled' retrieved from /home/airflow/.local/lib/python3.12/site-packages/airflow/example_dags/example_datasets.py
[2024-09-02T20:09:15.205+0000] {logging_mixin.py:188} INFO - [2024-09-02T20:09:15.204+0000] {dag.py:3096} INFO - Sync 10 DAGs
[2024-09-02T20:09:15.360+0000] {logging_mixin.py:188} INFO - [2024-09-02T20:09:15.359+0000] {dag.py:3954} INFO - Setting next_dagrun for conditional_dataset_and_time_based_timetable to 2024-08-28 01:00:00+00:00, run_after=2024-08-28 01:00:00+00:00
[2024-09-02T20:09:15.369+0000] {logging_mixin.py:188} INFO - [2024-09-02T20:09:15.368+0000] {dag.py:3954} INFO - Setting next_dagrun for consume_1_and_2_with_dataset_expressions to None, run_after=None
[2024-09-02T20:09:15.371+0000] {logging_mixin.py:188} INFO - [2024-09-02T20:09:15.371+0000] {dag.py:3954} INFO - Setting next_dagrun for consume_1_or_2_with_dataset_expressions to None, run_after=None
[2024-09-02T20:09:15.376+0000] {logging_mixin.py:188} INFO - [2024-09-02T20:09:15.375+0000] {dag.py:3954} INFO - Setting next_dagrun for consume_1_or_both_2_and_3_with_dataset_expressions to None, run_after=None
[2024-09-02T20:09:15.379+0000] {logging_mixin.py:188} INFO - [2024-09-02T20:09:15.379+0000] {dag.py:3954} INFO - Setting next_dagrun for dataset_consumes_1 to None, run_after=None
[2024-09-02T20:09:15.383+0000] {logging_mixin.py:188} INFO - [2024-09-02T20:09:15.383+0000] {dag.py:3954} INFO - Setting next_dagrun for dataset_consumes_1_and_2 to None, run_after=None
[2024-09-02T20:09:15.388+0000] {logging_mixin.py:188} INFO - [2024-09-02T20:09:15.388+0000] {dag.py:3954} INFO - Setting next_dagrun for dataset_consumes_1_never_scheduled to None, run_after=None
[2024-09-02T20:09:15.393+0000] {logging_mixin.py:188} INFO - [2024-09-02T20:09:15.393+0000] {dag.py:3954} INFO - Setting next_dagrun for dataset_consumes_unknown_never_scheduled to None, run_after=None
[2024-09-02T20:09:15.400+0000] {logging_mixin.py:188} INFO - [2024-09-02T20:09:15.400+0000] {dag.py:3954} INFO - Setting next_dagrun for dataset_produces_1 to 2024-09-01 00:00:00+00:00, run_after=2024-09-02 00:00:00+00:00
[2024-09-02T20:09:15.404+0000] {logging_mixin.py:188} INFO - [2024-09-02T20:09:15.404+0000] {dag.py:3954} INFO - Setting next_dagrun for dataset_produces_2 to None, run_after=None
[2024-09-02T20:09:15.515+0000] {processor.py:183} INFO - Processing /home/airflow/.local/lib/python3.12/site-packages/airflow/example_dags/example_datasets.py took 0.510 seconds
