[2024-09-02T20:06:26.985+0000] {processor.py:161} INFO - Started process (PID=36) to work on /home/airflow/.local/lib/python3.12/site-packages/airflow/example_dags/example_sensors.py
[2024-09-02T20:06:26.987+0000] {processor.py:830} INFO - Processing file /home/airflow/.local/lib/python3.12/site-packages/airflow/example_dags/example_sensors.py for tasks to queue
[2024-09-02T20:06:26.992+0000] {logging_mixin.py:188} INFO - [2024-09-02T20:06:26.991+0000] {dagbag.py:545} INFO - Filling up the DagBag from /home/airflow/.local/lib/python3.12/site-packages/airflow/example_dags/example_sensors.py
[2024-09-02T20:06:27.050+0000] {processor.py:840} INFO - DAG(s) 'example_sensors' retrieved from /home/airflow/.local/lib/python3.12/site-packages/airflow/example_dags/example_sensors.py
[2024-09-02T20:06:27.650+0000] {logging_mixin.py:188} INFO - [2024-09-02T20:06:27.649+0000] {dag.py:3096} INFO - Sync 1 DAGs
[2024-09-02T20:06:27.744+0000] {logging_mixin.py:188} INFO - [2024-09-02T20:06:27.744+0000] {dag.py:3954} INFO - Setting next_dagrun for example_sensors to None, run_after=None
[2024-09-02T20:06:27.788+0000] {processor.py:183} INFO - Processing /home/airflow/.local/lib/python3.12/site-packages/airflow/example_dags/example_sensors.py took 0.821 seconds
[2024-09-02T20:09:14.626+0000] {processor.py:161} INFO - Started process (PID=36) to work on /home/airflow/.local/lib/python3.12/site-packages/airflow/example_dags/example_sensors.py
[2024-09-02T20:09:14.628+0000] {processor.py:830} INFO - Processing file /home/airflow/.local/lib/python3.12/site-packages/airflow/example_dags/example_sensors.py for tasks to queue
[2024-09-02T20:09:14.631+0000] {logging_mixin.py:188} INFO - [2024-09-02T20:09:14.631+0000] {dagbag.py:545} INFO - Filling up the DagBag from /home/airflow/.local/lib/python3.12/site-packages/airflow/example_dags/example_sensors.py
[2024-09-02T20:09:14.646+0000] {processor.py:840} INFO - DAG(s) 'example_sensors' retrieved from /home/airflow/.local/lib/python3.12/site-packages/airflow/example_dags/example_sensors.py
[2024-09-02T20:09:14.700+0000] {logging_mixin.py:188} INFO - [2024-09-02T20:09:14.700+0000] {dag.py:3096} INFO - Sync 1 DAGs
[2024-09-02T20:09:14.721+0000] {logging_mixin.py:188} INFO - [2024-09-02T20:09:14.720+0000] {dag.py:3954} INFO - Setting next_dagrun for example_sensors to None, run_after=None
[2024-09-02T20:09:14.755+0000] {processor.py:183} INFO - Processing /home/airflow/.local/lib/python3.12/site-packages/airflow/example_dags/example_sensors.py took 0.136 seconds
[2024-09-02T20:16:27.492+0000] {processor.py:161} INFO - Started process (PID=37) to work on /home/airflow/.local/lib/python3.12/site-packages/airflow/example_dags/example_sensors.py
[2024-09-02T20:16:27.494+0000] {processor.py:830} INFO - Processing file /home/airflow/.local/lib/python3.12/site-packages/airflow/example_dags/example_sensors.py for tasks to queue
[2024-09-02T20:16:27.496+0000] {logging_mixin.py:188} INFO - [2024-09-02T20:16:27.496+0000] {dagbag.py:545} INFO - Filling up the DagBag from /home/airflow/.local/lib/python3.12/site-packages/airflow/example_dags/example_sensors.py
[2024-09-02T20:16:27.519+0000] {processor.py:840} INFO - DAG(s) 'example_sensors' retrieved from /home/airflow/.local/lib/python3.12/site-packages/airflow/example_dags/example_sensors.py
[2024-09-02T20:16:27.610+0000] {logging_mixin.py:188} INFO - [2024-09-02T20:16:27.609+0000] {dag.py:3096} INFO - Sync 1 DAGs
[2024-09-02T20:16:27.669+0000] {logging_mixin.py:188} INFO - [2024-09-02T20:16:27.668+0000] {dag.py:3954} INFO - Setting next_dagrun for example_sensors to None, run_after=None
[2024-09-02T20:16:27.722+0000] {processor.py:183} INFO - Processing /home/airflow/.local/lib/python3.12/site-packages/airflow/example_dags/example_sensors.py took 0.238 seconds
[2024-09-02T20:25:13.865+0000] {processor.py:161} INFO - Started process (PID=38) to work on /home/airflow/.local/lib/python3.12/site-packages/airflow/example_dags/example_sensors.py
[2024-09-02T20:25:13.866+0000] {processor.py:830} INFO - Processing file /home/airflow/.local/lib/python3.12/site-packages/airflow/example_dags/example_sensors.py for tasks to queue
[2024-09-02T20:25:13.868+0000] {logging_mixin.py:188} INFO - [2024-09-02T20:25:13.868+0000] {dagbag.py:545} INFO - Filling up the DagBag from /home/airflow/.local/lib/python3.12/site-packages/airflow/example_dags/example_sensors.py
[2024-09-02T20:25:13.883+0000] {processor.py:840} INFO - DAG(s) 'example_sensors' retrieved from /home/airflow/.local/lib/python3.12/site-packages/airflow/example_dags/example_sensors.py
[2024-09-02T20:25:14.111+0000] {logging_mixin.py:188} INFO - [2024-09-02T20:25:14.110+0000] {dag.py:3096} INFO - Sync 1 DAGs
[2024-09-02T20:25:14.125+0000] {logging_mixin.py:188} INFO - [2024-09-02T20:25:14.125+0000] {dag.py:3954} INFO - Setting next_dagrun for example_sensors to None, run_after=None
[2024-09-02T20:25:14.157+0000] {processor.py:183} INFO - Processing /home/airflow/.local/lib/python3.12/site-packages/airflow/example_dags/example_sensors.py took 0.298 seconds
[2024-09-02T20:31:31.912+0000] {processor.py:161} INFO - Started process (PID=37) to work on /home/airflow/.local/lib/python3.12/site-packages/airflow/example_dags/example_sensors.py
[2024-09-02T20:31:31.914+0000] {processor.py:830} INFO - Processing file /home/airflow/.local/lib/python3.12/site-packages/airflow/example_dags/example_sensors.py for tasks to queue
[2024-09-02T20:31:31.918+0000] {logging_mixin.py:188} INFO - [2024-09-02T20:31:31.917+0000] {dagbag.py:545} INFO - Filling up the DagBag from /home/airflow/.local/lib/python3.12/site-packages/airflow/example_dags/example_sensors.py
[2024-09-02T20:31:32.142+0000] {processor.py:840} INFO - DAG(s) 'example_sensors' retrieved from /home/airflow/.local/lib/python3.12/site-packages/airflow/example_dags/example_sensors.py
[2024-09-02T20:31:32.582+0000] {logging_mixin.py:188} INFO - [2024-09-02T20:31:32.582+0000] {dag.py:3096} INFO - Sync 1 DAGs
[2024-09-02T20:31:32.765+0000] {logging_mixin.py:188} INFO - [2024-09-02T20:31:32.765+0000] {dag.py:3954} INFO - Setting next_dagrun for example_sensors to None, run_after=None
[2024-09-02T20:31:32.839+0000] {processor.py:183} INFO - Processing /home/airflow/.local/lib/python3.12/site-packages/airflow/example_dags/example_sensors.py took 0.936 seconds
